{
"contracts/access/AccessManager.sol":{"l":{"23":15,"24":15,"25":15},"path":"/Users/alexis/Programmation/project-ai-pictures/contracts/contracts/access/AccessManager.sol","s":{"1":15,"2":15,"3":15},"b":{},"f":{"1":15},"fnMap":{"1":{"name":"constructor","line":21,"loc":{"start":{"line":21,"column":4},"end":{"line":26,"column":4}}}},"statementMap":{"1":{"start":{"line":23,"column":8},"end":{"line":23,"column":49}},"2":{"start":{"line":24,"column":8},"end":{"line":24,"column":41}},"3":{"start":{"line":25,"column":8},"end":{"line":25,"column":42}}},"branchMap":{}},
"contracts/access/Whitelist.sol":{"l":{"26":15,"40":17,"42":11,"45":6,"59":3,"60":1,"62":2,"63":2,"77":2,"78":1,"80":1,"81":1,"82":1,"97":2,"98":1,"100":1,"101":1,"102":1},"path":"/Users/alexis/Programmation/project-ai-pictures/contracts/contracts/access/Whitelist.sol","s":{"1":17,"2":3,"3":2,"4":2,"5":1,"6":1,"7":2,"8":1,"9":1},"b":{"1":[11,6],"2":[1,2],"3":[1,1],"4":[1,1]},"f":{"1":15,"2":17,"3":3,"4":2,"5":2},"fnMap":{"1":{"name":"constructor","line":25,"loc":{"start":{"line":25,"column":4},"end":{"line":27,"column":4}}},"2":{"name":"isWhitelisted","line":35,"loc":{"start":{"line":35,"column":4},"end":{"line":47,"column":4}}},"3":{"name":"setWhitelistRequired","line":54,"loc":{"start":{"line":54,"column":4},"end":{"line":64,"column":4}}},"4":{"name":"addToWhitelist","line":72,"loc":{"start":{"line":72,"column":4},"end":{"line":84,"column":4}}},"5":{"name":"removeFromWhitelist","line":92,"loc":{"start":{"line":92,"column":4},"end":{"line":104,"column":4}}}},"statementMap":{"1":{"start":{"line":40,"column":8},"end":{"line":40,"column":1373}},"2":{"start":{"line":59,"column":8},"end":{"line":59,"column":2095}},"3":{"start":{"line":63,"column":8},"end":{"line":63,"column":65}},"4":{"start":{"line":77,"column":8},"end":{"line":77,"column":2792}},"5":{"start":{"line":80,"column":8},"end":{"line":80,"column":2926}},"6":{"start":{"line":82,"column":12},"end":{"line":82,"column":61}},"7":{"start":{"line":97,"column":8},"end":{"line":97,"column":3576}},"8":{"start":{"line":100,"column":8},"end":{"line":100,"column":3710}},"9":{"start":{"line":102,"column":12},"end":{"line":102,"column":65}}},"branchMap":{"1":{"line":40,"type":"if","locations":[{"start":{"line":40,"column":8},"end":{"line":40,"column":8}},{"start":{"line":40,"column":8},"end":{"line":40,"column":8}}]},"2":{"line":59,"type":"if","locations":[{"start":{"line":59,"column":8},"end":{"line":59,"column":8}},{"start":{"line":59,"column":8},"end":{"line":59,"column":8}}]},"3":{"line":77,"type":"if","locations":[{"start":{"line":77,"column":8},"end":{"line":77,"column":8}},{"start":{"line":77,"column":8},"end":{"line":77,"column":8}}]},"4":{"line":97,"type":"if","locations":[{"start":{"line":97,"column":8},"end":{"line":97,"column":8}},{"start":{"line":97,"column":8},"end":{"line":97,"column":8}}]}}},
"contracts/Dex.sol":{"l":{"59":9,"62":0,"65":9,"67":9,"69":9,"71":9,"82":1,"95":1,"96":1,"97":1,"118":8,"119":8,"120":8,"121":8,"122":8,"136":1,"137":1,"138":1,"150":1,"151":1,"152":1,"164":1,"165":1,"166":1,"182":1,"183":1,"184":1,"205":1,"206":1,"207":1,"208":1,"209":0,"210":0,"212":1,"213":0,"215":1,"218":1,"240":1,"241":1,"242":1,"260":2,"261":2,"262":2,"276":1,"277":1,"278":1,"292":2,"293":1,"295":1,"296":1,"297":1,"313":6,"314":1,"317":5,"318":1,"321":4,"322":4,"323":1,"326":3,"327":2,"331":1,"334":1,"335":1,"336":1,"339":1,"340":1,"347":1,"369":20,"370":9,"372":11},"path":"/Users/alexis/Programmation/project-ai-pictures/contracts/contracts/Dex.sol","s":{"1":9,"2":9,"3":9,"4":1,"5":8,"6":1,"7":1,"8":1,"9":1,"10":1,"11":1,"12":1,"13":1,"14":1,"15":1,"16":1,"17":1,"18":1,"19":0,"20":0,"21":1,"22":1,"23":1,"24":1,"25":2,"26":2,"27":2,"28":1,"29":1,"30":1,"31":2,"32":1,"33":1,"34":6,"35":5,"36":4,"37":4,"38":3,"39":1,"40":1,"41":1,"42":1,"43":1,"44":1,"45":20},"b":{"1":[9,0],"2":[0,9],"3":[0,0],"4":[1,1],"5":[1,1],"6":[1,1],"7":[1,1],"8":[0,1],"9":[0,1],"10":[1,1],"11":[2,1],"12":[1,1],"13":[2,1],"14":[1,1],"15":[6,0],"16":[1,5],"17":[1,4],"18":[1,3],"19":[2,1],"20":[1,1],"21":[9,11]},"f":{"1":9,"2":1,"3":1,"4":8,"5":1,"6":1,"7":1,"8":1,"9":1,"10":1,"11":2,"12":1,"13":2,"14":6,"15":1,"16":20},"fnMap":{"1":{"name":"initialize","line":57,"loc":{"start":{"line":54,"column":4},"end":{"line":72,"column":4}}},"2":{"name":"getPaymentTokens","line":79,"loc":{"start":{"line":79,"column":4},"end":{"line":83,"column":4}}},"3":{"name":"getNftsMetadata","line":91,"loc":{"start":{"line":91,"column":4},"end":{"line":99,"column":4}}},"4":{"name":"getPaymentTokenPrice","line":109,"loc":{"start":{"line":109,"column":4},"end":{"line":124,"column":4}}},"5":{"name":"getAvailableStatus","line":132,"loc":{"start":{"line":132,"column":4},"end":{"line":140,"column":4}}},"6":{"name":"addCollections","line":149,"loc":{"start":{"line":147,"column":4},"end":{"line":154,"column":4}}},"7":{"name":"removeCollections","line":163,"loc":{"start":{"line":161,"column":4},"end":{"line":168,"column":4}}},"8":{"name":"setMetadata","line":181,"loc":{"start":{"line":177,"column":4},"end":{"line":191,"column":4}}},"9":{"name":"setPrices","line":204,"loc":{"start":{"line":200,"column":4},"end":{"line":226,"column":4}}},"10":{"name":"setAvailableStatus","line":239,"loc":{"start":{"line":235,"column":4},"end":{"line":248,"column":4}}},"11":{"name":"addPaymentTokens","line":259,"loc":{"start":{"line":256,"column":4},"end":{"line":264,"column":4}}},"12":{"name":"removePaymentTokens","line":275,"loc":{"start":{"line":272,"column":4},"end":{"line":280,"column":4}}},"13":{"name":"setDecimals","line":291,"loc":{"start":{"line":288,"column":4},"end":{"line":299,"column":4}}},"14":{"name":"buyNft","line":311,"loc":{"start":{"line":307,"column":4},"end":{"line":355,"column":4}}},"15":{"name":"_authorizeUpgrade","line":363,"loc":{"start":{"line":361,"column":4},"end":{"line":363,"column":35}}},"16":{"name":"onlyAdmin","line":368,"loc":{"start":{"line":368,"column":4},"end":{"line":373,"column":4}}}},"statementMap":{"1":{"start":{"line":59,"column":8},"end":{"line":59,"column":2235}},"2":{"start":{"line":65,"column":8},"end":{"line":65,"column":31}},"3":{"start":{"line":67,"column":8},"end":{"line":67,"column":31}},"4":{"start":{"line":96,"column":8},"end":{"line":96,"column":3602}},"5":{"start":{"line":120,"column":8},"end":{"line":120,"column":4437}},"6":{"start":{"line":137,"column":8},"end":{"line":137,"column":5122}},"7":{"start":{"line":150,"column":8},"end":{"line":150,"column":5545}},"8":{"start":{"line":151,"column":12},"end":{"line":151,"column":43}},"9":{"start":{"line":152,"column":12},"end":{"line":152,"column":49}},"10":{"start":{"line":164,"column":8},"end":{"line":164,"column":6002}},"11":{"start":{"line":165,"column":12},"end":{"line":165,"column":46}},"12":{"start":{"line":166,"column":12},"end":{"line":166,"column":51}},"13":{"start":{"line":182,"column":8},"end":{"line":182,"column":6676}},"14":{"start":{"line":184,"column":12},"end":{"line":184,"column":6802}},"15":{"start":{"line":205,"column":8},"end":{"line":205,"column":7482}},"16":{"start":{"line":206,"column":12},"end":{"line":206,"column":7545}},"17":{"start":{"line":207,"column":16},"end":{"line":207,"column":66}},"18":{"start":{"line":208,"column":16},"end":{"line":208,"column":7697}},"19":{"start":{"line":209,"column":20},"end":{"line":209,"column":63}},"20":{"start":{"line":210,"column":20},"end":{"line":210,"column":69}},"21":{"start":{"line":212,"column":16},"end":{"line":212,"column":7925}},"22":{"start":{"line":218,"column":16},"end":{"line":218,"column":8176}},"23":{"start":{"line":240,"column":8},"end":{"line":240,"column":8884}},"24":{"start":{"line":242,"column":12},"end":{"line":242,"column":9016}},"25":{"start":{"line":260,"column":8},"end":{"line":260,"column":9540}},"26":{"start":{"line":261,"column":12},"end":{"line":261,"column":53}},"27":{"start":{"line":262,"column":12},"end":{"line":262,"column":59}},"28":{"start":{"line":276,"column":8},"end":{"line":276,"column":10114}},"29":{"start":{"line":277,"column":12},"end":{"line":277,"column":56}},"30":{"start":{"line":278,"column":12},"end":{"line":278,"column":61}},"31":{"start":{"line":292,"column":8},"end":{"line":292,"column":10684}},"32":{"start":{"line":295,"column":8},"end":{"line":295,"column":10798}},"33":{"start":{"line":297,"column":12},"end":{"line":297,"column":53}},"34":{"start":{"line":313,"column":8},"end":{"line":313,"column":11365}},"35":{"start":{"line":317,"column":8},"end":{"line":317,"column":11538}},"36":{"start":{"line":321,"column":8},"end":{"line":321,"column":64}},"37":{"start":{"line":322,"column":8},"end":{"line":322,"column":11784}},"38":{"start":{"line":326,"column":8},"end":{"line":326,"column":11918}},"39":{"start":{"line":334,"column":8},"end":{"line":334,"column":67}},"40":{"start":{"line":335,"column":8},"end":{"line":335,"column":64}},"41":{"start":{"line":336,"column":8},"end":{"line":336,"column":68}},"42":{"start":{"line":339,"column":8},"end":{"line":339,"column":46}},"43":{"start":{"line":340,"column":8},"end":{"line":340,"column":12434}},"44":{"start":{"line":347,"column":8},"end":{"line":347,"column":12677}},"45":{"start":{"line":369,"column":8},"end":{"line":369,"column":13162}}},"branchMap":{"1":{"line":57,"type":"if","locations":[{"start":{"line":57,"column":13},"end":{"line":57,"column":13}},{"start":{"line":57,"column":13},"end":{"line":57,"column":13}}]},"2":{"line":59,"type":"if","locations":[{"start":{"line":59,"column":8},"end":{"line":59,"column":8}},{"start":{"line":59,"column":8},"end":{"line":59,"column":8}}]},"3":{"line":60,"type":"cond-expr","locations":[{"start":{"line":60,"column":12},"end":{"line":60,"column":36}},{"start":{"line":60,"column":41},"end":{"line":60,"column":77}}]},"4":{"line":149,"type":"if","locations":[{"start":{"line":149,"column":15},"end":{"line":149,"column":15}},{"start":{"line":149,"column":15},"end":{"line":149,"column":15}}]},"5":{"line":163,"type":"if","locations":[{"start":{"line":163,"column":15},"end":{"line":163,"column":15}},{"start":{"line":163,"column":15},"end":{"line":163,"column":15}}]},"6":{"line":181,"type":"if","locations":[{"start":{"line":181,"column":15},"end":{"line":181,"column":15}},{"start":{"line":181,"column":15},"end":{"line":181,"column":15}}]},"7":{"line":204,"type":"if","locations":[{"start":{"line":204,"column":15},"end":{"line":204,"column":15}},{"start":{"line":204,"column":15},"end":{"line":204,"column":15}}]},"8":{"line":208,"type":"if","locations":[{"start":{"line":208,"column":16},"end":{"line":208,"column":16}},{"start":{"line":208,"column":16},"end":{"line":208,"column":16}}]},"9":{"line":212,"type":"if","locations":[{"start":{"line":212,"column":16},"end":{"line":212,"column":16}},{"start":{"line":212,"column":16},"end":{"line":212,"column":16}}]},"10":{"line":239,"type":"if","locations":[{"start":{"line":239,"column":15},"end":{"line":239,"column":15}},{"start":{"line":239,"column":15},"end":{"line":239,"column":15}}]},"11":{"line":259,"type":"if","locations":[{"start":{"line":259,"column":15},"end":{"line":259,"column":15}},{"start":{"line":259,"column":15},"end":{"line":259,"column":15}}]},"12":{"line":275,"type":"if","locations":[{"start":{"line":275,"column":15},"end":{"line":275,"column":15}},{"start":{"line":275,"column":15},"end":{"line":275,"column":15}}]},"13":{"line":291,"type":"if","locations":[{"start":{"line":291,"column":15},"end":{"line":291,"column":15}},{"start":{"line":291,"column":15},"end":{"line":291,"column":15}}]},"14":{"line":292,"type":"if","locations":[{"start":{"line":292,"column":8},"end":{"line":292,"column":8}},{"start":{"line":292,"column":8},"end":{"line":292,"column":8}}]},"15":{"line":311,"type":"if","locations":[{"start":{"line":311,"column":15},"end":{"line":311,"column":15}},{"start":{"line":311,"column":15},"end":{"line":311,"column":15}}]},"16":{"line":313,"type":"if","locations":[{"start":{"line":313,"column":8},"end":{"line":313,"column":8}},{"start":{"line":313,"column":8},"end":{"line":313,"column":8}}]},"17":{"line":317,"type":"if","locations":[{"start":{"line":317,"column":8},"end":{"line":317,"column":8}},{"start":{"line":317,"column":8},"end":{"line":317,"column":8}}]},"18":{"line":322,"type":"if","locations":[{"start":{"line":322,"column":8},"end":{"line":322,"column":8}},{"start":{"line":322,"column":8},"end":{"line":322,"column":8}}]},"19":{"line":326,"type":"if","locations":[{"start":{"line":326,"column":8},"end":{"line":326,"column":8}},{"start":{"line":326,"column":8},"end":{"line":326,"column":8}}]},"20":{"line":363,"type":"if","locations":[{"start":{"line":363,"column":24},"end":{"line":363,"column":24}},{"start":{"line":363,"column":24},"end":{"line":363,"column":24}}]},"21":{"line":369,"type":"if","locations":[{"start":{"line":369,"column":8},"end":{"line":369,"column":8}},{"start":{"line":369,"column":8},"end":{"line":369,"column":8}}]}}},
"contracts/interfaces/IAccessManager.sol":{"l":{},"path":"/Users/alexis/Programmation/project-ai-pictures/contracts/contracts/interfaces/IAccessManager.sol","s":{},"b":{},"f":{},"fnMap":{},"statementMap":{},"branchMap":{}},
"contracts/interfaces/IBluumFactory.sol":{"l":{},"path":"/Users/alexis/Programmation/project-ai-pictures/contracts/contracts/interfaces/IBluumFactory.sol","s":{},"b":{},"f":{},"fnMap":{},"statementMap":{},"branchMap":{}},
"contracts/interfaces/IBluumNft.sol":{"l":{},"path":"/Users/alexis/Programmation/project-ai-pictures/contracts/contracts/interfaces/IBluumNft.sol","s":{},"b":{},"f":{},"fnMap":{},"statementMap":{},"branchMap":{}},
"contracts/interfaces/IDex.sol":{"l":{},"path":"/Users/alexis/Programmation/project-ai-pictures/contracts/contracts/interfaces/IDex.sol","s":{},"b":{},"f":{},"fnMap":{},"statementMap":{},"branchMap":{}},
"contracts/interfaces/IERC20Burnable.sol":{"l":{},"path":"/Users/alexis/Programmation/project-ai-pictures/contracts/contracts/interfaces/IERC20Burnable.sol","s":{},"b":{},"f":{},"fnMap":{},"statementMap":{},"branchMap":{}},
"contracts/interfaces/IWhitelist.sol":{"l":{},"path":"/Users/alexis/Programmation/project-ai-pictures/contracts/contracts/interfaces/IWhitelist.sol","s":{},"b":{},"f":{},"fnMap":{},"statementMap":{},"branchMap":{}},
"contracts/mock/BluumNftV2.sol":{"l":{"8":1},"path":"/Users/alexis/Programmation/project-ai-pictures/contracts/contracts/mock/BluumNftV2.sol","s":{},"b":{},"f":{"1":1},"fnMap":{"1":{"name":"sayHello","line":7,"loc":{"start":{"line":7,"column":4},"end":{"line":9,"column":4}}}},"statementMap":{},"branchMap":{}},
"contracts/mock/DexV2.sol":{"l":{"12":1},"path":"/Users/alexis/Programmation/project-ai-pictures/contracts/contracts/mock/DexV2.sol","s":{},"b":{},"f":{"1":1},"fnMap":{"1":{"name":"sayHello","line":11,"loc":{"start":{"line":11,"column":4},"end":{"line":13,"column":4}}}},"statementMap":{},"branchMap":{}},
"contracts/mock/ERC20Mock.sol":{"l":{"14":9,"18":0,"22":0},"path":"/Users/alexis/Programmation/project-ai-pictures/contracts/contracts/mock/ERC20Mock.sol","s":{"1":9,"2":0,"3":0},"b":{},"f":{"1":9,"2":0,"3":0},"fnMap":{"1":{"name":"constructor","line":13,"loc":{"start":{"line":8,"column":4},"end":{"line":15,"column":4}}},"2":{"name":"mint","line":17,"loc":{"start":{"line":17,"column":4},"end":{"line":19,"column":4}}},"3":{"name":"burn","line":21,"loc":{"start":{"line":21,"column":4},"end":{"line":23,"column":4}}}},"statementMap":{"1":{"start":{"line":14,"column":8},"end":{"line":14,"column":44}},"2":{"start":{"line":18,"column":8},"end":{"line":18,"column":29}},"3":{"start":{"line":22,"column":8},"end":{"line":22,"column":29}}},"branchMap":{}},
"contracts/nft/BluumFactory.sol":{"l":{"43":12,"45":12,"47":12,"58":6,"70":1,"82":2,"93":1,"105":2,"106":1,"108":1,"123":8,"124":1,"127":7,"131":7,"133":5,"134":5,"135":5},"path":"/Users/alexis/Programmation/project-ai-pictures/contracts/contracts/nft/BluumFactory.sol","s":{"1":2,"2":8,"3":7,"4":7,"5":5,"6":5},"b":{"1":[1,1],"2":[1,7]},"f":{"1":12,"2":6,"3":1,"4":2,"5":1,"6":2,"7":8},"fnMap":{"1":{"name":"constructor","line":37,"loc":{"start":{"line":37,"column":4},"end":{"line":48,"column":4}}},"2":{"name":"getCollectionAddress","line":55,"loc":{"start":{"line":55,"column":4},"end":{"line":59,"column":4}}},"3":{"name":"getCollectionsAddresses","line":65,"loc":{"start":{"line":65,"column":4},"end":{"line":71,"column":4}}},"4":{"name":"getCollectionsNumber","line":77,"loc":{"start":{"line":77,"column":4},"end":{"line":83,"column":4}}},"5":{"name":"isCollectionAddress","line":90,"loc":{"start":{"line":90,"column":4},"end":{"line":94,"column":4}}},"6":{"name":"setBluumNftContractImplementation","line":101,"loc":{"start":{"line":101,"column":4},"end":{"line":109,"column":4}}},"7":{"name":"deployCollection","line":118,"loc":{"start":{"line":118,"column":4},"end":{"line":136,"column":4}}}},"statementMap":{"1":{"start":{"line":105,"column":8},"end":{"line":105,"column":3522}},"2":{"start":{"line":123,"column":8},"end":{"line":123,"column":4225}},"3":{"start":{"line":127,"column":8},"end":{"line":127,"column":4416}},"4":{"start":{"line":131,"column":8},"end":{"line":131,"column":73}},"5":{"start":{"line":133,"column":8},"end":{"line":133,"column":46}},"6":{"start":{"line":135,"column":8},"end":{"line":135,"column":74}}},"branchMap":{"1":{"line":105,"type":"if","locations":[{"start":{"line":105,"column":8},"end":{"line":105,"column":8}},{"start":{"line":105,"column":8},"end":{"line":105,"column":8}}]},"2":{"line":123,"type":"if","locations":[{"start":{"line":123,"column":8},"end":{"line":123,"column":8}},{"start":{"line":123,"column":8},"end":{"line":123,"column":8}}]}}},
"contracts/nft/BluumNft.sol":{"l":{"51":12,"55":2,"58":10,"59":4,"63":6,"66":6,"69":6,"71":6,"83":1,"84":1,"85":2,"101":10,"102":1,"105":9,"106":3,"110":6,"111":6,"114":6,"115":6,"116":6,"119":6,"120":6,"122":6,"136":3,"137":1,"140":2,"141":1,"144":1,"153":0,"165":5,"166":1,"170":4},"path":"/Users/alexis/Programmation/project-ai-pictures/contracts/contracts/nft/BluumNft.sol","s":{"1":12,"2":10,"3":6,"4":1,"5":10,"6":9,"7":6,"8":6,"9":6,"10":6,"11":6,"12":3,"13":2,"14":0,"15":5,"16":4},"b":{"1":[12,0],"2":[2,10],"3":[1,1],"4":[4,6],"5":[2,2],"6":[1,9],"7":[3,6],"8":[1,2],"9":[1,1],"10":[1,4]},"f":{"1":12,"2":1,"3":10,"4":3,"5":0,"6":5},"fnMap":{"1":{"name":"initialize","line":49,"loc":{"start":{"line":44,"column":4},"end":{"line":72,"column":4}}},"2":{"name":"mintBatch","line":80,"loc":{"start":{"line":80,"column":4},"end":{"line":89,"column":4}}},"3":{"name":"mint","line":97,"loc":{"start":{"line":97,"column":4},"end":{"line":123,"column":4}}},"4":{"name":"revealPrivateURI","line":131,"loc":{"start":{"line":131,"column":4},"end":{"line":145,"column":4}}},"5":{"name":"exists","line":152,"loc":{"start":{"line":152,"column":4},"end":{"line":154,"column":4}}},"6":{"name":"tokenURI","line":161,"loc":{"start":{"line":161,"column":4},"end":{"line":178,"column":4}}}},"statementMap":{"1":{"start":{"line":51,"column":8},"end":{"line":51,"column":1780}},"2":{"start":{"line":58,"column":8},"end":{"line":58,"column":1999}},"3":{"start":{"line":66,"column":8},"end":{"line":66,"column":36}},"4":{"start":{"line":84,"column":8},"end":{"line":84,"column":2864}},"5":{"start":{"line":101,"column":8},"end":{"line":101,"column":3358}},"6":{"start":{"line":105,"column":8},"end":{"line":105,"column":3550}},"7":{"start":{"line":111,"column":8},"end":{"line":111,"column":33}},"8":{"start":{"line":114,"column":8},"end":{"line":114,"column":59}},"9":{"start":{"line":119,"column":8},"end":{"line":119,"column":41}},"10":{"start":{"line":120,"column":8},"end":{"line":120,"column":49}},"11":{"start":{"line":122,"column":8},"end":{"line":122,"column":23}},"12":{"start":{"line":136,"column":8},"end":{"line":136,"column":4576}},"13":{"start":{"line":140,"column":8},"end":{"line":140,"column":4766}},"14":{"start":{"line":153,"column":8},"end":{"line":153,"column":32}},"15":{"start":{"line":165,"column":8},"end":{"line":165,"column":5641}},"16":{"start":{"line":170,"column":8},"end":{"line":170,"column":5758}}},"branchMap":{"1":{"line":49,"type":"if","locations":[{"start":{"line":49,"column":15},"end":{"line":49,"column":15}},{"start":{"line":49,"column":15},"end":{"line":49,"column":15}}]},"2":{"line":51,"type":"if","locations":[{"start":{"line":51,"column":8},"end":{"line":51,"column":8}},{"start":{"line":51,"column":8},"end":{"line":51,"column":8}}]},"3":{"line":52,"type":"cond-expr","locations":[{"start":{"line":52,"column":12},"end":{"line":52,"column":44}},{"start":{"line":53,"column":12},"end":{"line":53,"column":48}}]},"4":{"line":58,"type":"if","locations":[{"start":{"line":58,"column":8},"end":{"line":58,"column":8}},{"start":{"line":58,"column":8},"end":{"line":58,"column":8}}]},"5":{"line":58,"type":"cond-expr","locations":[{"start":{"line":58,"column":12},"end":{"line":58,"column":35}},{"start":{"line":58,"column":40},"end":{"line":58,"column":65}}]},"6":{"line":101,"type":"if","locations":[{"start":{"line":101,"column":8},"end":{"line":101,"column":8}},{"start":{"line":101,"column":8},"end":{"line":101,"column":8}}]},"7":{"line":105,"type":"if","locations":[{"start":{"line":105,"column":8},"end":{"line":105,"column":8}},{"start":{"line":105,"column":8},"end":{"line":105,"column":8}}]},"8":{"line":136,"type":"if","locations":[{"start":{"line":136,"column":8},"end":{"line":136,"column":8}},{"start":{"line":136,"column":8},"end":{"line":136,"column":8}}]},"9":{"line":140,"type":"if","locations":[{"start":{"line":140,"column":8},"end":{"line":140,"column":8}},{"start":{"line":140,"column":8},"end":{"line":140,"column":8}}]},"10":{"line":165,"type":"if","locations":[{"start":{"line":165,"column":8},"end":{"line":165,"column":8}},{"start":{"line":165,"column":8},"end":{"line":165,"column":8}}]}}},
"contracts/token/BluumToken.sol":{"l":{"16":0,"20":0,"21":0,"23":0},"path":"/Users/alexis/Programmation/project-ai-pictures/contracts/contracts/token/BluumToken.sol","s":{"1":0,"2":0},"b":{"1":[0,0]},"f":{"1":0,"2":0},"fnMap":{"1":{"name":"constructor","line":15,"loc":{"start":{"line":14,"column":4},"end":{"line":17,"column":4}}},"2":{"name":"mint","line":19,"loc":{"start":{"line":19,"column":4},"end":{"line":24,"column":4}}}},"statementMap":{"1":{"start":{"line":20,"column":8},"end":{"line":20,"column":488}},"2":{"start":{"line":23,"column":8},"end":{"line":23,"column":24}}},"branchMap":{"1":{"line":20,"type":"if","locations":[{"start":{"line":20,"column":8},"end":{"line":20,"column":8}},{"start":{"line":20,"column":8},"end":{"line":20,"column":8}}]}}}}
