TN:
SF:/Users/alexis/Programmation/project-ai-pictures/contracts/contracts/access/AccessManager.sol
FN:21,constructor
FNF:1
FNH:1
FNDA:15,constructor
DA:23,15
DA:24,15
DA:25,15
LF:3
LH:3
BRF:0
BRH:0
end_of_record
TN:
SF:/Users/alexis/Programmation/project-ai-pictures/contracts/contracts/access/Whitelist.sol
FN:25,constructor
FN:35,isWhitelisted
FN:54,setWhitelistRequired
FN:72,addToWhitelist
FN:92,removeFromWhitelist
FNF:5
FNH:5
FNDA:15,constructor
FNDA:17,isWhitelisted
FNDA:3,setWhitelistRequired
FNDA:2,addToWhitelist
FNDA:2,removeFromWhitelist
DA:26,15
DA:40,17
DA:42,11
DA:45,6
DA:59,3
DA:60,1
DA:62,2
DA:63,2
DA:77,2
DA:78,1
DA:80,1
DA:81,1
DA:82,1
DA:97,2
DA:98,1
DA:100,1
DA:101,1
DA:102,1
LF:18
LH:18
BRDA:40,1,0,11
BRDA:40,1,1,6
BRDA:59,2,0,1
BRDA:59,2,1,2
BRDA:77,3,0,1
BRDA:77,3,1,1
BRDA:97,4,0,1
BRDA:97,4,1,1
BRF:8
BRH:8
end_of_record
TN:
SF:/Users/alexis/Programmation/project-ai-pictures/contracts/contracts/Dex.sol
FN:57,initialize
FN:79,getPaymentTokens
FN:91,getNftsMetadata
FN:109,getPaymentTokenPrice
FN:132,getAvailableStatus
FN:149,addCollections
FN:163,removeCollections
FN:181,setMetadata
FN:204,setPrices
FN:239,setAvailableStatus
FN:259,addPaymentTokens
FN:275,removePaymentTokens
FN:291,setDecimals
FN:311,buyNft
FN:363,_authorizeUpgrade
FN:368,onlyAdmin
FNF:16
FNH:16
FNDA:9,initialize
FNDA:1,getPaymentTokens
FNDA:1,getNftsMetadata
FNDA:8,getPaymentTokenPrice
FNDA:1,getAvailableStatus
FNDA:1,addCollections
FNDA:1,removeCollections
FNDA:1,setMetadata
FNDA:1,setPrices
FNDA:1,setAvailableStatus
FNDA:2,addPaymentTokens
FNDA:1,removePaymentTokens
FNDA:2,setDecimals
FNDA:6,buyNft
FNDA:1,_authorizeUpgrade
FNDA:20,onlyAdmin
DA:59,9
DA:62,0
DA:65,9
DA:67,9
DA:69,9
DA:71,9
DA:82,1
DA:95,1
DA:96,1
DA:97,1
DA:118,8
DA:119,8
DA:120,8
DA:121,8
DA:122,8
DA:136,1
DA:137,1
DA:138,1
DA:150,1
DA:151,1
DA:152,1
DA:164,1
DA:165,1
DA:166,1
DA:182,1
DA:183,1
DA:184,1
DA:205,1
DA:206,1
DA:207,1
DA:208,1
DA:209,0
DA:210,0
DA:212,1
DA:213,0
DA:215,1
DA:218,1
DA:240,1
DA:241,1
DA:242,1
DA:260,2
DA:261,2
DA:262,2
DA:276,1
DA:277,1
DA:278,1
DA:292,2
DA:293,1
DA:295,1
DA:296,1
DA:297,1
DA:313,6
DA:314,1
DA:317,5
DA:318,1
DA:321,4
DA:322,4
DA:323,1
DA:326,3
DA:327,2
DA:331,1
DA:334,1
DA:335,1
DA:336,1
DA:339,1
DA:340,1
DA:347,1
DA:369,20
DA:370,9
DA:372,11
LF:70
LH:66
BRDA:57,1,0,9
BRDA:57,1,1,0
BRDA:59,2,0,0
BRDA:59,2,1,9
BRDA:60,3,0,0
BRDA:60,3,1,0
BRDA:149,4,0,1
BRDA:149,4,1,1
BRDA:163,5,0,1
BRDA:163,5,1,1
BRDA:181,6,0,1
BRDA:181,6,1,1
BRDA:204,7,0,1
BRDA:204,7,1,1
BRDA:208,8,0,0
BRDA:208,8,1,1
BRDA:212,9,0,0
BRDA:212,9,1,1
BRDA:239,10,0,1
BRDA:239,10,1,1
BRDA:259,11,0,2
BRDA:259,11,1,1
BRDA:275,12,0,1
BRDA:275,12,1,1
BRDA:291,13,0,2
BRDA:291,13,1,1
BRDA:292,14,0,1
BRDA:292,14,1,1
BRDA:311,15,0,6
BRDA:311,15,1,0
BRDA:313,16,0,1
BRDA:313,16,1,5
BRDA:317,17,0,1
BRDA:317,17,1,4
BRDA:322,18,0,1
BRDA:322,18,1,3
BRDA:326,19,0,2
BRDA:326,19,1,1
BRDA:363,20,0,1
BRDA:363,20,1,1
BRDA:369,21,0,9
BRDA:369,21,1,11
BRF:42
BRH:35
end_of_record
TN:
SF:/Users/alexis/Programmation/project-ai-pictures/contracts/contracts/interfaces/IAccessManager.sol
FNF:0
FNH:0
LF:0
LH:0
BRF:0
BRH:0
end_of_record
TN:
SF:/Users/alexis/Programmation/project-ai-pictures/contracts/contracts/interfaces/IBluumFactory.sol
FNF:0
FNH:0
LF:0
LH:0
BRF:0
BRH:0
end_of_record
TN:
SF:/Users/alexis/Programmation/project-ai-pictures/contracts/contracts/interfaces/IBluumNft.sol
FNF:0
FNH:0
LF:0
LH:0
BRF:0
BRH:0
end_of_record
TN:
SF:/Users/alexis/Programmation/project-ai-pictures/contracts/contracts/interfaces/IDex.sol
FNF:0
FNH:0
LF:0
LH:0
BRF:0
BRH:0
end_of_record
TN:
SF:/Users/alexis/Programmation/project-ai-pictures/contracts/contracts/interfaces/IERC20Burnable.sol
FNF:0
FNH:0
LF:0
LH:0
BRF:0
BRH:0
end_of_record
TN:
SF:/Users/alexis/Programmation/project-ai-pictures/contracts/contracts/interfaces/IWhitelist.sol
FNF:0
FNH:0
LF:0
LH:0
BRF:0
BRH:0
end_of_record
TN:
SF:/Users/alexis/Programmation/project-ai-pictures/contracts/contracts/mock/BluumNftV2.sol
FN:7,sayHello
FNF:1
FNH:1
FNDA:1,sayHello
DA:8,1
LF:1
LH:1
BRF:0
BRH:0
end_of_record
TN:
SF:/Users/alexis/Programmation/project-ai-pictures/contracts/contracts/mock/DexV2.sol
FN:11,sayHello
FNF:1
FNH:1
FNDA:1,sayHello
DA:12,1
LF:1
LH:1
BRF:0
BRH:0
end_of_record
TN:
SF:/Users/alexis/Programmation/project-ai-pictures/contracts/contracts/mock/ERC20Mock.sol
FN:13,constructor
FN:17,mint
FN:21,burn
FNF:3
FNH:1
FNDA:9,constructor
FNDA:0,mint
FNDA:0,burn
DA:14,9
DA:18,0
DA:22,0
LF:3
LH:1
BRF:0
BRH:0
end_of_record
TN:
SF:/Users/alexis/Programmation/project-ai-pictures/contracts/contracts/nft/BluumFactory.sol
FN:37,constructor
FN:55,getCollectionAddress
FN:65,getCollectionsAddresses
FN:77,getCollectionsNumber
FN:90,isCollectionAddress
FN:101,setBluumNftContractImplementation
FN:118,deployCollection
FNF:7
FNH:7
FNDA:12,constructor
FNDA:6,getCollectionAddress
FNDA:1,getCollectionsAddresses
FNDA:2,getCollectionsNumber
FNDA:1,isCollectionAddress
FNDA:2,setBluumNftContractImplementation
FNDA:8,deployCollection
DA:43,12
DA:45,12
DA:47,12
DA:58,6
DA:70,1
DA:82,2
DA:93,1
DA:105,2
DA:106,1
DA:108,1
DA:123,8
DA:124,1
DA:127,7
DA:131,7
DA:133,5
DA:134,5
DA:135,5
LF:17
LH:17
BRDA:105,1,0,1
BRDA:105,1,1,1
BRDA:123,2,0,1
BRDA:123,2,1,7
BRF:4
BRH:4
end_of_record
TN:
SF:/Users/alexis/Programmation/project-ai-pictures/contracts/contracts/nft/BluumNft.sol
FN:49,initialize
FN:80,mintBatch
FN:97,mint
FN:131,revealPrivateURI
FN:152,exists
FN:161,tokenURI
FNF:6
FNH:5
FNDA:12,initialize
FNDA:1,mintBatch
FNDA:10,mint
FNDA:3,revealPrivateURI
FNDA:0,exists
FNDA:5,tokenURI
DA:51,12
DA:55,2
DA:58,10
DA:59,4
DA:63,6
DA:66,6
DA:69,6
DA:71,6
DA:83,1
DA:84,1
DA:85,2
DA:101,10
DA:102,1
DA:105,9
DA:106,3
DA:110,6
DA:111,6
DA:114,6
DA:115,6
DA:116,6
DA:119,6
DA:120,6
DA:122,6
DA:136,3
DA:137,1
DA:140,2
DA:141,1
DA:144,1
DA:153,0
DA:165,5
DA:166,1
DA:170,4
LF:32
LH:31
BRDA:49,1,0,12
BRDA:49,1,1,0
BRDA:51,2,0,2
BRDA:51,2,1,10
BRDA:52,3,0,1
BRDA:52,3,1,1
BRDA:58,4,0,4
BRDA:58,4,1,6
BRDA:58,5,0,2
BRDA:58,5,1,2
BRDA:101,6,0,1
BRDA:101,6,1,9
BRDA:105,7,0,3
BRDA:105,7,1,6
BRDA:136,8,0,1
BRDA:136,8,1,2
BRDA:140,9,0,1
BRDA:140,9,1,1
BRDA:165,10,0,1
BRDA:165,10,1,4
BRF:20
BRH:19
end_of_record
TN:
SF:/Users/alexis/Programmation/project-ai-pictures/contracts/contracts/token/BluumToken.sol
FN:15,constructor
FN:19,mint
FNF:2
FNH:0
FNDA:0,constructor
FNDA:0,mint
DA:16,0
DA:20,0
DA:21,0
DA:23,0
LF:4
LH:0
BRDA:20,1,0,0
BRDA:20,1,1,0
BRF:2
BRH:0
end_of_record
